210913 16:31:32 mysqld_safe Starting mariadbd daemon with databases from /config/databases
2021-09-13 16:31:32 0 [Note] /usr/bin/mariadbd (mysqld 10.5.12-MariaDB-log) starting as process 500 ...
2021-09-13 16:31:32 0 [Note] InnoDB: Uses event mutexes
2021-09-13 16:31:32 0 [Note] InnoDB: Compressed tables use zlib 1.2.11
2021-09-13 16:31:32 0 [Note] InnoDB: Number of pools: 1
2021-09-13 16:31:32 0 [Note] InnoDB: Using crc32 + pclmulqdq instructions
2021-09-13 16:31:32 0 [Note] mariadbd: O_TMPFILE is not supported on /var/tmp (disabling future attempts)
2021-09-13 16:31:32 0 [Note] InnoDB: Using Linux native AIO
2021-09-13 16:31:32 0 [Note] InnoDB: Initializing buffer pool, total size = 268435456, chunk size = 134217728
2021-09-13 16:31:32 0 [Note] InnoDB: Completed initialization of buffer pool
2021-09-13 16:31:32 0 [Note] InnoDB: 128 rollback segments are active.
2021-09-13 16:31:32 0 [Note] InnoDB: Creating shared tablespace for temporary tables
2021-09-13 16:31:32 0 [Note] InnoDB: Setting file './ibtmp1' size to 12 MB. Physically writing the file full; Please wait ...
2021-09-13 16:31:32 0 [Note] InnoDB: File './ibtmp1' size is now 12 MB.
2021-09-13 16:31:32 0 [Note] InnoDB: 10.5.12 started; log sequence number 2809826; transaction id 5715
2021-09-13 16:31:32 0 [Note] InnoDB: Loading buffer pool(s) from /config/databases/ib_buffer_pool
2021-09-13 16:31:32 0 [Note] Plugin 'FEEDBACK' is disabled.
2021-09-13 16:31:32 0 [Note] Server socket created on IP: '::'.
2021-09-13 16:31:32 0 [Note] Reading of all Master_info entries succeeded
2021-09-13 16:31:32 0 [Note] Added new Master_info '' to hash table
2021-09-13 16:31:32 0 [Note] /usr/bin/mariadbd: ready for connections.
Version: '10.5.12-MariaDB-log'  socket: '/run/mysqld/mysqld.sock'  port: 3306  MariaDB Server
2021-09-13 16:31:32 0 [Note] InnoDB: Buffer pool(s) load completed at 210913 16:31:32
