210913 15:41:59 mysqld_safe Starting mariadbd daemon with databases from /config/databases
2021-09-13 15:41:59 0 [Note] /usr/bin/mariadbd (mysqld 10.5.12-MariaDB-log) starting as process 499 ...
2021-09-13 15:41:59 0 [Note] InnoDB: Uses event mutexes
2021-09-13 15:41:59 0 [Note] InnoDB: Compressed tables use zlib 1.2.11
2021-09-13 15:41:59 0 [Note] InnoDB: Number of pools: 1
2021-09-13 15:41:59 0 [Note] InnoDB: Using crc32 + pclmulqdq instructions
2021-09-13 15:41:59 0 [Note] mariadbd: O_TMPFILE is not supported on /var/tmp (disabling future attempts)
2021-09-13 15:41:59 0 [Note] InnoDB: Using Linux native AIO
2021-09-13 15:41:59 0 [Note] InnoDB: Initializing buffer pool, total size = 268435456, chunk size = 134217728
2021-09-13 15:41:59 0 [Note] InnoDB: Completed initialization of buffer pool
2021-09-13 15:41:59 0 [Note] InnoDB: 128 rollback segments are active.
2021-09-13 15:41:59 0 [Note] InnoDB: Creating shared tablespace for temporary tables
2021-09-13 15:41:59 0 [Note] InnoDB: Setting file './ibtmp1' size to 12 MB. Physically writing the file full; Please wait ...
2021-09-13 15:41:59 0 [Note] InnoDB: File './ibtmp1' size is now 12 MB.
2021-09-13 15:41:59 0 [Note] InnoDB: 10.5.12 started; log sequence number 2807171; transaction id 5656
2021-09-13 15:41:59 0 [Note] InnoDB: Loading buffer pool(s) from /config/databases/ib_buffer_pool
2021-09-13 15:41:59 0 [Note] Plugin 'FEEDBACK' is disabled.
2021-09-13 15:41:59 0 [Note] Server socket created on IP: '::'.
2021-09-13 15:41:59 0 [Note] Reading of all Master_info entries succeeded
2021-09-13 15:41:59 0 [Note] Added new Master_info '' to hash table
2021-09-13 15:41:59 0 [Note] /usr/bin/mariadbd: ready for connections.
Version: '10.5.12-MariaDB-log'  socket: '/run/mysqld/mysqld.sock'  port: 3306  MariaDB Server
2021-09-13 15:41:59 0 [Note] InnoDB: Buffer pool(s) load completed at 210913 15:41:59
2021-09-13 15:50:48 0 [Note] /usr/bin/mariadbd (initiated by: unknown): Normal shutdown
2021-09-13 15:50:48 0 [Note] Event Scheduler: Purging the queue. 0 events
2021-09-13 15:50:48 0 [Note] InnoDB: FTS optimize thread exiting.
2021-09-13 15:50:48 0 [Note] InnoDB: Starting shutdown...
2021-09-13 15:50:48 0 [Note] InnoDB: Dumping buffer pool(s) to /config/databases/ib_buffer_pool
2021-09-13 15:50:48 0 [Note] InnoDB: Buffer pool(s) dump completed at 210913 15:50:48
2021-09-13 15:50:49 0 [Note] InnoDB: Removed temporary tablespace data file: "ibtmp1"
2021-09-13 15:50:49 0 [Note] InnoDB: Shutdown completed; log sequence number 2807183; transaction id 5706
2021-09-13 15:50:49 0 [Note] /usr/bin/mariadbd: Shutdown complete

210913 15:50:49 mysqld_safe mysqld from pid file /var/run/mysqld/mysqld.pid ended
